<?xml version="1.0" encoding="UTF-8"?>
<!-- Generated by org.testng.reporters.JUnitReportReporter -->
<testsuite skipped="0" hostname="DESKTOP-UIG6D8D" name="TestNG_Excel.TNG_Excel.PF_FBExcel" tests="1" failures="0" timestamp="08 May 2020 00:30:01 GMT" time="17.618" errors="0">
  <testcase name="A_loginpage" time="17.618" classname="TestNG_Excel.TNG_Excel.PF_FBExcel"/>
</testsuite> <!-- TestNG_Excel.TNG_Excel.PF_FBExcel -->
