<?xml version="1.0" encoding="UTF-8"?>
<!-- Generated by org.testng.reporters.JUnitReportReporter -->
<testsuite skipped="0" hostname="DESKTOP-UIG6D8D" name="TestNG_Excel.TNG_Excel.Excel" tests="1" failures="0" timestamp="06 May 2020 22:34:57 GMT" time="1.146" errors="0">
  <testcase name="Excel1" time="1.146" classname="TestNG_Excel.TNG_Excel.Excel"/>
</testsuite> <!-- TestNG_Excel.TNG_Excel.Excel -->
