<?xml version="1.0" encoding="UTF-8"?>
<!-- Generated by org.testng.reporters.JUnitReportReporter -->
<testsuite skipped="0" hostname="DESKTOP-UIG6D8D" name="TestNG_Excel.TNG_Excel.FBExcel" tests="1" failures="0" timestamp="07 May 2020 22:48:56 GMT" time="10.925" errors="0">
  <testcase name="A_loginpage" time="10.925" classname="TestNG_Excel.TNG_Excel.FBExcel"/>
</testsuite> <!-- TestNG_Excel.TNG_Excel.FBExcel -->
